<?xml version="1.0" encoding="UTF-8"?>
<!-- Generated by org.testng.reporters.JUnitReportReporter -->
<testsuite hostname="Ameet" failures="0" tests="23" name="testcases.doctor_testcase" time="0.050" errors="2" timestamp="2024-08-27T19:04:19 IST" skipped="21">
  <testcase classname="testcases.doctor_testcase" name="initBrowser" time="0.046">
    <error message="Cannot invoke &quot;java.util.Map.get(Object)&quot; because &quot;this.configData&quot; is null" type="java.lang.NullPointerException">
      <![CDATA[java.lang.NullPointerException: Cannot invoke "java.util.Map.get(Object)" because "this.configData" is null
at testcases.doctor_testcase.initBrowser(doctor_testcase.java:32)
at java.base/jdk.internal.reflect.NativeMethodAccessorImpl.invoke0(Native Method)
at java.base/jdk.internal.reflect.NativeMethodAccessorImpl.invoke(NativeMethodAccessorImpl.java:77)
at java.base/jdk.internal.reflect.DelegatingMethodAccessorImpl.invoke(DelegatingMethodAccessorImpl.java:43)
at java.base/java.lang.reflect.Method.invoke(Method.java:568)
at org.testng.internal.invokers.MethodInvocationHelper.invokeMethod(MethodInvocationHelper.java:139)
at org.testng.internal.invokers.MethodInvocationHelper.invokeMethodConsideringTimeout(MethodInvocationHelper.java:69)
at org.testng.internal.invokers.ConfigInvoker.invokeConfigurationMethod(ConfigInvoker.java:390)
at org.testng.internal.invokers.ConfigInvoker.invokeConfigurations(ConfigInvoker.java:325)
at org.testng.internal.invokers.TestMethodWorker.invokeBeforeClassMethods(TestMethodWorker.java:180)
at org.testng.internal.invokers.TestMethodWorker.run(TestMethodWorker.java:122)
at java.base/java.util.concurrent.ThreadPoolExecutor.runWorker(ThreadPoolExecutor.java:1136)
at java.base/java.util.concurrent.ThreadPoolExecutor$Worker.run(ThreadPoolExecutor.java:635)
at java.base/java.lang.Thread.run(Thread.java:833)
]]>
    </error>
  </testcase> <!-- initBrowser -->
  <testcase classname="testcases.doctor_testcase" name="tearDown" time="0.002">
    <error message="Cannot invoke &quot;org.openqa.selenium.WebDriver.quit()&quot; because &quot;this.driver&quot; is null" type="java.lang.NullPointerException">
      <![CDATA[java.lang.NullPointerException: Cannot invoke "org.openqa.selenium.WebDriver.quit()" because "this.driver" is null
at coreUtilities.testbase.TestBase.browserTearDown(TestBase.java:103)
at testcases.doctor_testcase.tearDown(doctor_testcase.java:342)
at java.base/jdk.internal.reflect.NativeMethodAccessorImpl.invoke0(Native Method)
at java.base/jdk.internal.reflect.NativeMethodAccessorImpl.invoke(NativeMethodAccessorImpl.java:77)
at java.base/jdk.internal.reflect.DelegatingMethodAccessorImpl.invoke(DelegatingMethodAccessorImpl.java:43)
at java.base/java.lang.reflect.Method.invoke(Method.java:568)
at org.testng.internal.invokers.MethodInvocationHelper.invokeMethod(MethodInvocationHelper.java:139)
at org.testng.internal.invokers.MethodInvocationHelper.invokeMethodConsideringTimeout(MethodInvocationHelper.java:69)
at org.testng.internal.invokers.ConfigInvoker.invokeConfigurationMethod(ConfigInvoker.java:390)
at org.testng.internal.invokers.ConfigInvoker.invokeConfigurations(ConfigInvoker.java:325)
at org.testng.internal.invokers.TestMethodWorker.invokeAfterClassConfigurations(TestMethodWorker.java:229)
at org.testng.internal.invokers.TestMethodWorker.invokeAfterClassMethods(TestMethodWorker.java:215)
at org.testng.internal.invokers.TestMethodWorker.run(TestMethodWorker.java:131)
at java.base/java.util.concurrent.ThreadPoolExecutor.runWorker(ThreadPoolExecutor.java:1136)
at java.base/java.util.concurrent.ThreadPoolExecutor$Worker.run(ThreadPoolExecutor.java:635)
at java.base/java.lang.Thread.run(Thread.java:833)
]]>
    </error>
  </testcase> <!-- tearDown -->
  <testcase classname="testcases.doctor_testcase" name="verifyTitleOfTheHomePage" time="0.001">
    <skipped/>
  </testcase> <!-- verifyTitleOfTheHomePage -->
  <testcase classname="testcases.doctor_testcase" name="verifyAllSubModulesArePresent" time="0.000">
    <skipped/>
  </testcase> <!-- verifyAllSubModulesArePresent -->
  <testcase classname="testcases.doctor_testcase" name="validateTheCheckBox" time="0.000">
    <skipped/>
  </testcase> <!-- validateTheCheckBox -->
  <testcase classname="testcases.doctor_testcase" name="selectNEUROSURGERYFromDepartmentDropdownAndVerifySelection" time="0.000">
    <skipped/>
  </testcase> <!-- selectNEUROSURGERYFromDepartmentDropdownAndVerifySelection -->
  <testcase classname="testcases.doctor_testcase" name="verifyTheButtonsArePresentOrNot" time="0.000">
    <skipped/>
  </testcase> <!-- verifyTheButtonsArePresentOrNot -->
  <testcase classname="testcases.doctor_testcase" name="verifyTitleOfTheForm" time="0.000">
    <skipped/>
  </testcase> <!-- verifyTitleOfTheForm -->
  <testcase classname="testcases.doctor_testcase" name="verifyTheName" time="0.000">
    <skipped/>
  </testcase> <!-- verifyTheName -->
  <testcase classname="testcases.doctor_testcase" name="verifyTheErrorMessage" time="0.000">
    <skipped/>
  </testcase> <!-- verifyTheErrorMessage -->
  <testcase classname="testcases.doctor_testcase" name="performScrollingOpertaionAndVerifyThePresenceOfButton" time="0.000">
    <skipped/>
  </testcase> <!-- performScrollingOpertaionAndVerifyThePresenceOfButton -->
  <testcase classname="testcases.doctor_testcase" name="highlightElement" time="0.000">
    <skipped/>
  </testcase> <!-- highlightElement -->
  <testcase classname="testcases.doctor_testcase" name="verifyThePlaceHolderName" time="0.000">
    <skipped/>
  </testcase> <!-- verifyThePlaceHolderName -->
  <testcase classname="testcases.doctor_testcase" name="validateTheEnteredValue" time="0.000">
    <skipped/>
  </testcase> <!-- validateTheEnteredValue -->
  <testcase classname="testcases.doctor_testcase" name="verifyTheRadioButton" time="0.000">
    <skipped/>
  </testcase> <!-- verifyTheRadioButton -->
  <testcase classname="testcases.doctor_testcase" name="performJavaScriptOperations" time="0.000">
    <skipped/>
  </testcase> <!-- performJavaScriptOperations -->
  <testcase classname="testcases.doctor_testcase" name="verifyTheNotificationPopupErrorMessage" time="0.001">
    <skipped/>
  </testcase> <!-- verifyTheNotificationPopupErrorMessage -->
  <testcase classname="testcases.doctor_testcase" name="uploadImageInScannedImagesSection" time="0.000">
    <skipped/>
  </testcase> <!-- uploadImageInScannedImagesSection -->
  <testcase classname="testcases.doctor_testcase" name="takingScreenshotOfCurrentPage" time="0.000">
    <skipped/>
  </testcase> <!-- takingScreenshotOfCurrentPage -->
  <testcase classname="testcases.doctor_testcase" name="performKeyboardOperation" time="0.000">
    <skipped/>
  </testcase> <!-- performKeyboardOperation -->
  <testcase classname="testcases.doctor_testcase" name="verifyTooltipOfAnElement" time="0.000">
    <skipped/>
  </testcase> <!-- verifyTooltipOfAnElement -->
  <testcase classname="testcases.doctor_testcase" name="handleAlertPopup" time="0.000">
    <skipped/>
  </testcase> <!-- handleAlertPopup -->
  <testcase classname="testcases.doctor_testcase" name="handleAutoSuggesstion" time="0.000">
    <skipped/>
  </testcase> <!-- handleAutoSuggesstion -->
</testsuite> <!-- testcases.doctor_testcase -->
